===== /home/travis/build/decaffeinate/decaffeinate-example-builder/decaffeinate-examples/tmp-projects/coffeescript-624355989860/test/regexps.coffee
/home/travis/.nvm/versions/node/v8.17.0/lib/node_modules/decaffeinate/dist/cli.js:304
        throw err;
        ^

AssertionError [ERR_ASSERTION]: unknown: No tab width specified but encountered tabs in string
/\	b/g
    at Object.fromString (/home/travis/.nvm/versions/node/v8.17.0/lib/node_modules/decaffeinate/node_modules/recast/lib/lines.js:591:22)
    at genericPrintNoParens (/home/travis/.nvm/versions/node/v8.17.0/lib/node_modules/decaffeinate/node_modules/recast/lib/printer.js:659:28)
    at genericPrint (/home/travis/.nvm/versions/node/v8.17.0/lib/node_modules/decaffeinate/node_modules/recast/lib/printer.js:129:30)
    at print (/home/travis/.nvm/versions/node/v8.17.0/lib/node_modules/decaffeinate/node_modules/recast/lib/printer.js:85:15)
    at /home/travis/.nvm/versions/node/v8.17.0/lib/node_modules/decaffeinate/node_modules/recast/lib/patcher.js:160:28
    at Array.forEach (<anonymous>)
    at /home/travis/.nvm/versions/node/v8.17.0/lib/node_modules/decaffeinate/node_modules/recast/lib/patcher.js:148:18
    at print (/home/travis/.nvm/versions/node/v8.17.0/lib/node_modules/decaffeinate/node_modules/recast/lib/printer.js:84:15)
    at /home/travis/.nvm/versions/node/v8.17.0/lib/node_modules/decaffeinate/node_modules/recast/lib/printer.js:57:41
    at Object.printComments (/home/travis/.nvm/versions/node/v8.17.0/lib/node_modules/decaffeinate/node_modules/recast/lib/comments.js:283:22)
    at print (/home/travis/.nvm/versions/node/v8.17.0/lib/node_modules/decaffeinate/node_modules/recast/lib/printer.js:63:31)
    at Printer.print (/home/travis/.nvm/versions/node/v8.17.0/lib/node_modules/decaffeinate/node_modules/recast/lib/printer.js:96:21)
    at Object.print (/home/travis/.nvm/versions/node/v8.17.0/lib/node_modules/decaffeinate/node_modules/recast/main.js:39:43)
    at generate (/home/travis/.nvm/versions/node/v8.17.0/lib/node_modules/decaffeinate/node_modules/@codemod/core/src/RecastPlugin.js:15:19)
    at generateCode (/home/travis/.nvm/versions/node/v8.17.0/lib/node_modules/decaffeinate/node_modules/@babel/core/lib/transformation/file/generate.js:48:24)
    at run (/home/travis/.nvm/versions/node/v8.17.0/lib/node_modules/decaffeinate/node_modules/@babel/core/lib/transformation/index.js:55:33)
    at run.next (<anonymous>)
    at Object.transform (/home/travis/.nvm/versions/node/v8.17.0/lib/node_modules/decaffeinate/node_modules/@babel/core/lib/transform.js:27:41)
    at transform.next (<anonymous>)
    at evaluateSync (/home/travis/.nvm/versions/node/v8.17.0/lib/node_modules/decaffeinate/node_modules/gensync/index.js:244:28)
    at Object.sync (/home/travis/.nvm/versions/node/v8.17.0/lib/node_modules/decaffeinate/node_modules/gensync/index.js:84:14)
    at Object.transform (/home/travis/.nvm/versions/node/v8.17.0/lib/node_modules/decaffeinate/node_modules/@codemod/core/src/index.js:32:19)
    at Function.ResugarStage.run (/home/travis/.nvm/versions/node/v8.17.0/lib/node_modules/decaffeinate/dist/stages/resugar/index.js:20:27)
    at runStage (/home/travis/.nvm/versions/node/v8.17.0/lib/node_modules/decaffeinate/dist/index.js:96:22)
    at /home/travis/.nvm/versions/node/v8.17.0/lib/node_modules/decaffeinate/dist/index.js:88:18
    at Array.forEach (<anonymous>)
    at runStages (/home/travis/.nvm/versions/node/v8.17.0/lib/node_modules/decaffeinate/dist/index.js:87:12)
    at Object.convert (/home/travis/.nvm/versions/node/v8.17.0/lib/node_modules/decaffeinate/dist/index.js:60:18)
    at runWithCode (/home/travis/.nvm/versions/node/v8.17.0/lib/node_modules/decaffeinate/dist/cli.js:296:28)
    at ReadStream.<anonymous> (/home/travis/.nvm/versions/node/v8.17.0/lib/node_modules/decaffeinate/dist/cli.js:278:42)
    at emitNone (events.js:111:20)
    at ReadStream.emit (events.js:208:7)
    at endReadableNT (_stream_readable.js:1064:12)
    at _combinedTickCallback (internal/process/next_tick.js:139:11)
    at process._tickCallback (internal/process/next_tick.js:181:9)
